**************** Hello 🧑‍🚀❤️🔥 Today: 10/12/2023 10:40:47 пп
**************** Hello 🧑‍🚀❤️🔥 Today: 10/12/2023 10:40:49 пп
**************** Hello 🧑‍🚀❤️🔥 Today: 10/12/2023 10:40:51 пп
Hello**************** Hello 🧑‍🚀❤️🔥 Today: 10/12/2023 11:00:47 пп
**************** Hello 🧑‍🚀❤️🔥 Today: 10/12/2023 11:01:17 пп
**************** Hello 🧑‍🚀❤️🔥 Today: 10/12/2023 11:15:31 пп
**************** Hello 🧑‍🚀❤️🔥 Today: 10/12/2023 11:18:50 пп
**************** Hello 🧑‍🚀❤️🔥 Today: 10/12/2023 11:21:35 пп
**************** Hello 🧑‍🚀❤️🔥 Today: 10/12/2023 11:21:37 пп
**************** Hello 🧑‍🚀❤️🔥 Today: 10/12/2023 11:21:41 пп
**************** Hello 🧑‍🚀❤️🔥 Today: 10/12/2023 11:38:32 пп
**************** Hello 🧑‍🚀❤️🔥 Today: 10/12/2023 11:48:21 пп

**************** Hello 🧑‍🚀❤️🔥 Today: 10/13/2023 12:42:01 дп
**************** Hello 🧑‍🚀❤️🔥 Today: 10/13/2023 12:43:01 дп
**************** Hello 🧑‍🚀❤️🔥 Today: 10/13/2023 12:44:01 дп
**************** Hello 🧑‍🚀❤️🔥 Today: 10/13/2023 12:45:00 дп
**************** Hello 🧑‍🚀❤️🔥 Today: 10/13/2023 12:46:00 дп
**************** Hello 🧑‍🚀❤️🔥 Today: 10/13/2023 12:47:01 дп
**************** Hello 🧑‍🚀❤️🔥 Today: 10/13/2023 12:48:01 дп
**************** File was changed from 1338 => 1415
**************** Thanks GOODBYE Bro❤️
**************** Hello 🧑‍🚀❤️🔥 Today: 10/13/2023 12:49:01 дп
**************** File was changed from 1415 => 1586
**************** Thanks GOODBYE Bro❤️
**************** Hello 🧑‍🚀❤️🔥 Today: 10/13/2023 12:50:01 дп
**************** File was changed from 1586 => 1757
**************** Thanks GOODBYE Bro❤️
**************** Hello 🧑‍🚀❤️🔥 Today: 10/13/2023 12:51:01 дп
**************** File was changed from 1757 => 1928
**************** Thanks GOODBYE Bro❤️
**************** Hello 🧑‍🚀❤️🔥 Today: 10/13/2023 12:52:01 дп
**************** File was changed from 1928 => 2099
**************** Thanks GOODBYE Bro❤️
**************** Hello 🧑‍🚀❤️🔥 Today: 10/13/2023 12:53:01 дп
**************** File was changed from 2099 => 2270
**************** Thanks GOODBYE Bro❤️
**************** Hello 🧑‍🚀❤️🔥 Today: 10/13/2023 12:54:01 дп
**************** File was changed from 2270 => 2441
**************** Thanks GOODBYE Bro❤️
**************** Hello 🧑‍🚀❤️🔥 Today: 10/13/2023 12:55:01 дп
**************** File was changed from 2441 => 2612
**************** Thanks GOODBYE Bro❤️
**************** Hello 🧑‍🚀❤️🔥 Today: 10/13/2023 12:56:01 дп
**************** File was changed from 2612 => 2783
**************** Thanks GOODBYE Bro❤️
**************** Hello 🧑‍🚀❤️🔥 Today: 10/13/2023 12:57:01 дп
**************** File was changed from 2783 => 2954
**************** Thanks GOODBYE Bro❤️
**************** Hello 🧑‍🚀❤️🔥 Today: 10/13/2023 12:58:01 дп
**************** File was changed from 2954 => 3125
**************** Thanks GOODBYE Bro❤️
**************** Hello 🧑‍🚀❤️🔥 Today: 10/13/2023 12:59:01 дп
**************** File was changed from 3125 => 3296
**************** Thanks GOODBYE Bro❤️
**************** Hello 🧑‍🚀❤️🔥 Today: 10/20/2023 8:48:01 дп
**************** File was changed from 3296 => 3444
**************** Thanks GOODBYE Bro❤️
**************** Hello 🧑‍🚀❤️🔥 Today: 10/20/2023 8:49:01 дп
**************** File was changed from 3444 => 3614
**************** Thanks GOODBYE Bro❤️
**************** Hello 🧑‍🚀❤️🔥 Today: 10/20/2023 8:50:01 дп
**************** File was changed from 3614 => 3784
**************** Thanks GOODBYE Bro❤️
**************** Hello 🧑‍🚀❤️🔥 Today: 10/20/2023 8:51:00 дп
**************** File was changed from 3784 => 3954
**************** Thanks GOODBYE Bro❤️
**************** Hello 🧑‍🚀❤️🔥 Today: 10/20/2023 8:52:01 дп
**************** File was changed from 3954 => 4124
**************** Thanks GOODBYE Bro❤️
**************** Hello 🧑‍🚀❤️🔥 Today: 10/20/2023 8:53:01 дп
**************** File was changed from 4124 => 4294
**************** Thanks GOODBYE Bro❤️
**************** Hello 🧑‍🚀❤️🔥 Today: 10/20/2023 8:54:00 дп
**************** File was changed from 4294 => 4464
**************** Thanks GOODBYE Bro❤️
**************** Hello 🧑‍🚀❤️🔥 Today: 10/20/2023 8:55:01 дп
**************** File was changed from 4464 => 4634
**************** Thanks GOODBYE Bro❤️
**************** Hello 🧑‍🚀❤️🔥 Today: 10/20/2023 8:56:01 дп
**************** File was changed from 4634 => 4804
**************** Thanks GOODBYE Bro❤️
**************** Hello 🧑‍🚀❤️🔥 Today: 10/20/2023 8:57:01 дп
**************** File was changed from 4804 => 4974
**************** Thanks GOODBYE Bro❤️
**************** Hello 🧑‍🚀❤️🔥 Today: 10/20/2023 8:58:00 дп
**************** File was changed from 4974 => 5144
**************** Thanks GOODBYE Bro❤️
**************** Hello 🧑‍🚀❤️🔥 Today: 10/20/2023 8:59:00 дп
**************** File was changed from 5144 => 5314
**************** Thanks GOODBYE Bro❤️
**************** Hello 🧑‍🚀❤️🔥 Today: 10/20/2023 9:00:01 дп
**************** File was changed from 5314 => 5484
**************** Thanks GOODBYE Bro❤️
**************** Hello 🧑‍🚀❤️🔥 Today: 10/20/2023 9:01:01 дп
**************** File was changed from 5484 => 5654
**************** Thanks GOODBYE Bro❤️
**************** Hello 🧑‍🚀❤️🔥 Today: 10/20/2023 9:02:00 дп
**************** File was changed from 5654 => 5824
**************** Thanks GOODBYE Bro❤️
**************** Hello 🧑‍🚀❤️🔥 Today: 10/20/2023 9:03:00 дп
**************** File was changed from 5824 => 5994
**************** Thanks GOODBYE Bro❤️
**************** Hello 🧑‍🚀❤️🔥 Today: 10/20/2023 9:04:01 дп
**************** File was changed from 5994 => 6164
**************** Thanks GOODBYE Bro❤️
**************** Hello 🧑‍🚀❤️🔥 Today: 10/20/2023 9:05:01 дп
**************** File was changed from 6164 => 6334
**************** Thanks GOODBYE Bro❤️
**************** Hello 🧑‍🚀❤️🔥 Today: 10/20/2023 9:06:00 дп
**************** File was changed from 6334 => 6504
**************** Thanks GOODBYE Bro❤️
**************** Hello 🧑‍🚀❤️🔥 Today: 10/20/2023 9:07:01 дп
**************** File was changed from 6504 => 6674
**************** Thanks GOODBYE Bro❤️
**************** Hello 🧑‍🚀❤️🔥 Today: 10/20/2023 9:08:01 дп
**************** File was changed from 6674 => 6844
**************** Thanks GOODBYE Bro❤️
**************** Hello 🧑‍🚀❤️🔥 Today: 10/20/2023 9:09:00 дп
**************** File was changed from 6844 => 7014
**************** Thanks GOODBYE Bro❤️
**************** Hello 🧑‍🚀❤️🔥 Today: 10/20/2023 9:10:00 дп
**************** File was changed from 7014 => 7184
**************** Thanks GOODBYE Bro❤️
**************** Hello 🧑‍🚀❤️🔥 Today: 10/20/2023 9:11:01 дп
**************** File was changed from 7184 => 7354
**************** Thanks GOODBYE Bro❤️
**************** Hello 🧑‍🚀❤️🔥 Today: 10/20/2023 9:12:00 дп
**************** File was changed from 7354 => 7524
**************** Thanks GOODBYE Bro❤️
**************** Hello 🧑‍🚀❤️🔥 Today: 10/20/2023 9:13:00 дп
**************** File was changed from 7524 => 7694
**************** Thanks GOODBYE Bro❤️
**************** Hello 🧑‍🚀❤️🔥 Today: 10/20/2023 9:14:01 дп
**************** File was changed from 7694 => 7864
**************** Thanks GOODBYE Bro❤️
**************** Hello 🧑‍🚀❤️🔥 Today: 10/20/2023 9:15:01 дп
**************** File was changed from 7864 => 8034
**************** Thanks GOODBYE Bro❤️
**************** Hello 🧑‍🚀❤️🔥 Today: 10/20/2023 9:16:00 дп
**************** File was changed from 8034 => 8204
**************** Thanks GOODBYE Bro❤️
**************** Hello 🧑‍🚀❤️🔥 Today: 10/20/2023 9:17:01 дп
**************** File was changed from 8204 => 8374
**************** Thanks GOODBYE Bro❤️
**************** Hello 🧑‍🚀❤️🔥 Today: 10/20/2023 9:18:01 дп
**************** File was changed from 8374 => 8544
**************** Thanks GOODBYE Bro❤️
**************** Hello 🧑‍🚀❤️🔥 Today: 10/20/2023 9:19:01 дп
**************** File was changed from 8544 => 8714
**************** Thanks GOODBYE Bro❤️
**************** Hello 🧑‍🚀❤️🔥 Today: 10/20/2023 9:20:00 дп
**************** File was changed from 8714 => 8884
**************** Thanks GOODBYE Bro❤️
**************** Hello 🧑‍🚀❤️🔥 Today: 10/20/2023 9:21:01 дп
**************** File was changed from 8884 => 9054
**************** Thanks GOODBYE Bro❤️
**************** Hello 🧑‍🚀❤️🔥 Today: 10/20/2023 9:22:01 дп
**************** File was changed from 9054 => 9224
**************** Thanks GOODBYE Bro❤️
**************** Hello 🧑‍🚀❤️🔥 Today: 10/20/2023 9:23:01 дп
**************** File was changed from 9224 => 9394
**************** Thanks GOODBYE Bro❤️
**************** Hello 🧑‍🚀❤️🔥 Today: 10/20/2023 9:24:00 дп
**************** File was changed from 9394 => 9564
**************** Thanks GOODBYE Bro❤️
**************** Hello 🧑‍🚀❤️🔥 Today: 10/20/2023 9:25:01 дп
**************** File was changed from 9564 => 9734
**************** Thanks GOODBYE Bro❤️
**************** Hello 🧑‍🚀❤️🔥 Today: 10/20/2023 9:26:01 дп
**************** File was changed from 9734 => 9904
**************** Thanks GOODBYE Bro❤️
**************** Hello 🧑‍🚀❤️🔥 Today: 10/20/2023 9:27:01 дп
**************** File was changed from 9904 => 10074
**************** Thanks GOODBYE Bro❤️
**************** Hello 🧑‍🚀❤️🔥 Today: 10/20/2023 9:28:00 дп
**************** File was changed from 10074 => 10245
**************** Thanks GOODBYE Bro❤️
**************** Hello 🧑‍🚀❤️🔥 Today: 10/20/2023 9:29:00 дп
**************** File was changed from 10245 => 10417
**************** Thanks GOODBYE Bro❤️
**************** Hello 🧑‍🚀❤️🔥 Today: 10/20/2023 9:30:01 дп
**************** File was changed from 10417 => 10589
**************** Thanks GOODBYE Bro❤️
**************** Hello 🧑‍🚀❤️🔥 Today: 10/20/2023 9:31:01 дп
**************** File was changed from 10589 => 10761
**************** Thanks GOODBYE Bro❤️
**************** Hello 🧑‍🚀❤️🔥 Today: 10/20/2023 9:32:00 дп
**************** File was changed from 10761 => 10933
**************** Thanks GOODBYE Bro❤️
**************** Hello 🧑‍🚀❤️🔥 Today: 10/20/2023 9:33:01 дп
**************** File was changed from 10933 => 11105
**************** Thanks GOODBYE Bro❤️
**************** Hello 🧑‍🚀❤️🔥 Today: 10/20/2023 9:34:01 дп
**************** File was changed from 11105 => 11277
**************** Thanks GOODBYE Bro❤️
**************** Hello 🧑‍🚀❤️🔥 Today: 10/20/2023 9:35:00 дп
**************** File was changed from 11277 => 11449
**************** Thanks GOODBYE Bro❤️
**************** Hello 🧑‍🚀❤️🔥 Today: 10/20/2023 9:36:00 дп
**************** File was changed from 11449 => 11621
**************** Thanks GOODBYE Bro❤️
**************** Hello 🧑‍🚀❤️🔥 Today: 10/20/2023 9:37:01 дп
**************** File was changed from 11621 => 11793
**************** Thanks GOODBYE Bro❤️
**************** Hello 🧑‍🚀❤️🔥 Today: 10/20/2023 9:38:01 дп
**************** File was changed from 11793 => 11965
**************** Thanks GOODBYE Bro❤️
**************** Hello 🧑‍🚀❤️🔥 Today: 10/20/2023 9:39:00 дп
**************** File was changed from 11965 => 12137
**************** Thanks GOODBYE Bro❤️
**************** Hello 🧑‍🚀❤️🔥 Today: 10/20/2023 9:40:01 дп
**************** File was changed from 12137 => 12309
**************** Thanks GOODBYE Bro❤️
**************** Hello 🧑‍🚀❤️🔥 Today: 10/20/2023 9:45:31 дп
**************** File was changed from 12309 => 12481
**************** Thanks GOODBYE Bro❤️
**************** Hello 🧑‍🚀❤️🔥 Today: 10/20/2023 12:30:02 пп
**************** File was changed from 12481 => 12653
**************** Thanks GOODBYE Bro❤️
**************** Hello 🧑‍🚀❤️🔥 Today: 10/20/2023 1:41:02 пп
**************** File was changed from 12653 => 12826
**************** Thanks GOODBYE Bro❤️
**************** Hello 🧑‍🚀❤️🔥 Today: 10/20/2023 9:58:59 пп
**************** File was changed from 12826 => 12998
**************** Thanks GOODBYE Bro❤️
**************** Hello 🧑‍🚀❤️🔥 Today: 10/20/2023 9:59:01 пп
**************** File was changed from 12998 => 13170
**************** Thanks GOODBYE Bro❤️
**************** Hello 🧑‍🚀❤️🔥 Today: 10/20/2023 10:04:45 пп
**************** File was changed from 13170 => 13342
**************** Thanks GOODBYE Bro❤️
**************** Hello 🧑‍🚀❤️🔥 Today: 10/20/2023 10:05:00 пп
**************** File was changed from 13342 => 13515
**************** Thanks GOODBYE Bro❤️
**************** Hello 🧑‍🚀❤️🔥 Today: 10/20/2023 10:09:14 пп
**************** File was changed from 13515 => 13688
**************** Thanks GOODBYE Bro❤️
**************** Hello 🧑‍🚀❤️🔥 Today: 10/20/2023 10:10:01 пп
**************** File was changed from 13688 => 13861
**************** Thanks GOODBYE Bro❤️
**************** Hello 🧑‍🚀❤️🔥 Today: 10/20/2023 10:11:01 пп
**************** File was changed from 13861 => 14034
**************** Thanks GOODBYE Bro❤️
**************** Hello 🧑‍🚀❤️🔥 Today: 10/20/2023 10:12:00 пп
**************** File was changed from 14034 => 14207
**************** Thanks GOODBYE Bro❤️
